{"uid":"14e1c59ae38b8ca9","name":"test_verify_order_summary_totals","fullName":"saucedemo_automation.tests.test_order_summary#test_verify_order_summary_totals","historyId":"cf614b8e150f48b2472c7f808f7f75e3","time":{"start":1751126515307,"stop":1751126526198,"duration":10891},"description":"Verify total = item total + tax with accurate rounding","descriptionHtml":"<p>Verify total = item total + tax with accurate rounding</p>\n","status":"broken","statusMessage":"selenium.common.exceptions.TimeoutException: Message: \nStacktrace:\n\tGetHandleVerifier [0x0x7ff78a416f65+76917]\n\tGetHandleVerifier [0x0x7ff78a416fc0+77008]\n\t(No symbol) [0x0x7ff78a1c9dea]\n\t(No symbol) [0x0x7ff78a220256]\n\t(No symbol) [0x0x7ff78a22050c]\n\t(No symbol) [0x0x7ff78a273887]\n\t(No symbol) [0x0x7ff78a2484af]\n\t(No symbol) [0x0x7ff78a27065c]\n\t(No symbol) [0x0x7ff78a248243]\n\t(No symbol) [0x0x7ff78a211431]\n\t(No symbol) [0x0x7ff78a2121c3]\n\tGetHandleVerifier [0x0x7ff78a6ed29d+3051437]\n\tGetHandleVerifier [0x0x7ff78a6e78f3+3028483]\n\tGetHandleVerifier [0x0x7ff78a70588d+3151261]\n\tGetHandleVerifier [0x0x7ff78a43182e+185662]\n\tGetHandleVerifier [0x0x7ff78a4396ef+218111]\n\tGetHandleVerifier [0x0x7ff78a41fae4+112628]\n\tGetHandleVerifier [0x0x7ff78a41fc99+113065]\n\tGetHandleVerifier [0x0x7ff78a406c68+10616]\n\tBaseThreadInitThunk [0x0x7ff8dfabe8d7+23]\n\tRtlUserThreadStart [0x0x7ff8dfcbc34c+44]","statusTrace":"setup = <selenium.webdriver.chrome.webdriver.WebDriver (session=\"90c1b375f8f4682d0c24c6f2d213622f\")>\n\n    @allure.description(\"Verify total = item total + tax with accurate rounding\")\n    @allure.severity(\"Critical\")\n    @allure.feature(\"Order_Summary\")\n    @allure.story(\"Totals calculation\")\n    @allure.tag(\"order_summary\")\n    @pytest.mark.order_summary\n    def test_verify_order_summary_totals(setup):\n        driver=setup\n    \n        #pageobjects\n        login_page =LoginPage(driver)\n        inventory_page = InventoryPage(driver)\n        cart_page = Cart_page(driver)\n        checkout_page=CheckoutPage(driver)\n        order_summary = OrderSummaryPage(driver)\n    \n        #Login\n        login_page.login(\"standard_user\",\"secret_sauce\")\n    \n        #inventory page\n        inventory_page.add_backpack_to_cart()\n        inventory_page.go_to_cart()\n    \n        #go to checkout\n        cart_page.click_checkout()\n    \n        #fill in valid info\n>       checkout_page.enter_first_name(\"Test\")\n\nsaucedemo_automation\\tests\\test_order_summary.py:37: \n_ _ _ _ _ _ _ _ _ _ _ _ _ _ _ _ _ _ _ _ _ _ _ _ _ _ _ _ _ _ _ _ _ _ _ _ _ _ _ _ _ _ _ _ _ _ _ _ _ _ _ _ _ _ _ _ _ _ _ _ _ _ _ _ _ _ _ _ _ _ _ _ _ _ _ _ _ _ _ _ _ _ _ _ _ _ _ _ _ _\nsaucedemo_automation\\pages\\checkout_page.py:32: in enter_first_name\n    raise e\nsaucedemo_automation\\pages\\checkout_page.py:27: in enter_first_name\n    WebDriverWait(self.driver,10).until(EC.visibility_of_element_located(self.FIRST_NAME))\n_ _ _ _ _ _ _ _ _ _ _ _ _ _ _ _ _ _ _ _ _ _ _ _ _ _ _ _ _ _ _ _ _ _ _ _ _ _ _ _ _ _ _ _ _ _ _ _ _ _ _ _ _ _ _ _ _ _ _ _ _ _ _ _ _ _ _ _ _ _ _ _ _ _ _ _ _ _ _ _ _ _ _ _ _ _ _ _ _ _\n\nself = <selenium.webdriver.support.wait.WebDriverWait (session=\"90c1b375f8f4682d0c24c6f2d213622f\")>\nmethod = <function visibility_of_element_located.<locals>._predicate at 0x000001C4C745EFC0>, message = ''\n\n    def until(self, method: Callable[[D], Union[Literal[False], T]], message: str = \"\") -> T:\n        \"\"\"Calls the method provided with the driver as an argument until the \\\n        return value does not evaluate to ``False``.\n    \n        :param method: callable(WebDriver)\n        :param message: optional message for :exc:`TimeoutException`\n        :returns: the result of the last call to `method`\n        :raises: :exc:`selenium.common.exceptions.TimeoutException` if timeout occurs\n        \"\"\"\n        screen = None\n        stacktrace = None\n    \n        end_time = time.monotonic() + self._timeout\n        while True:\n            try:\n                value = method(self._driver)\n                if value:\n                    return value\n            except self._ignored_exceptions as exc:\n                screen = getattr(exc, \"screen\", None)\n                stacktrace = getattr(exc, \"stacktrace\", None)\n            time.sleep(self._poll)\n            if time.monotonic() > end_time:\n                break\n>       raise TimeoutException(message, screen, stacktrace)\nE       selenium.common.exceptions.TimeoutException: Message: \nE       Stacktrace:\nE       \tGetHandleVerifier [0x0x7ff78a416f65+76917]\nE       \tGetHandleVerifier [0x0x7ff78a416fc0+77008]\nE       \t(No symbol) [0x0x7ff78a1c9dea]\nE       \t(No symbol) [0x0x7ff78a220256]\nE       \t(No symbol) [0x0x7ff78a22050c]\nE       \t(No symbol) [0x0x7ff78a273887]\nE       \t(No symbol) [0x0x7ff78a2484af]\nE       \t(No symbol) [0x0x7ff78a27065c]\nE       \t(No symbol) [0x0x7ff78a248243]\nE       \t(No symbol) [0x0x7ff78a211431]\nE       \t(No symbol) [0x0x7ff78a2121c3]\nE       \tGetHandleVerifier [0x0x7ff78a6ed29d+3051437]\nE       \tGetHandleVerifier [0x0x7ff78a6e78f3+3028483]\nE       \tGetHandleVerifier [0x0x7ff78a70588d+3151261]\nE       \tGetHandleVerifier [0x0x7ff78a43182e+185662]\nE       \tGetHandleVerifier [0x0x7ff78a4396ef+218111]\nE       \tGetHandleVerifier [0x0x7ff78a41fae4+112628]\nE       \tGetHandleVerifier [0x0x7ff78a41fc99+113065]\nE       \tGetHandleVerifier [0x0x7ff78a406c68+10616]\nE       \tBaseThreadInitThunk [0x0x7ff8dfabe8d7+23]\nE       \tRtlUserThreadStart [0x0x7ff8dfcbc34c+44]\n\n..\\..\\AppData\\Local\\Programs\\Python\\Python312\\Lib\\site-packages\\selenium\\webdriver\\support\\wait.py:105: TimeoutException","flaky":false,"newFailed":false,"newBroken":false,"newPassed":false,"retriesCount":0,"retriesStatusChange":false,"beforeStages":[{"name":"setup","time":{"start":1751126513003,"stop":1751126515306,"duration":2303},"status":"passed","steps":[],"attachments":[],"parameters":[],"hasContent":false,"shouldDisplayMessage":false,"attachmentsCount":0,"stepsCount":0,"attachmentStep":false}],"afterStages":[{"name":"setup::0","time":{"start":1751126526288,"stop":1751126528543,"duration":2255},"status":"passed","steps":[],"attachments":[],"parameters":[],"hasContent":false,"shouldDisplayMessage":false,"attachmentsCount":0,"stepsCount":0,"attachmentStep":false}],"labels":[{"name":"feature","value":"Order_Summary"},{"name":"severity","value":"Critical"},{"name":"tag","value":"order_summary"},{"name":"story","value":"Totals calculation"},{"name":"tag","value":"order_summary"},{"name":"parentSuite","value":"saucedemo_automation.tests"},{"name":"suite","value":"test_order_summary"},{"name":"host","value":"VishwaNarayanan"},{"name":"thread","value":"8940-MainThread"},{"name":"framework","value":"pytest"},{"name":"language","value":"cpython3"},{"name":"package","value":"saucedemo_automation.tests.test_order_summary"},{"name":"resultFormat","value":"allure2"}],"parameters":[],"links":[],"hidden":true,"retry":true,"extra":{"categories":[],"tags":["order_summary"]},"source":"14e1c59ae38b8ca9.json","parameterValues":[]}