{"uid":"183c36738212c81a","name":"test_verify_order_summary_totals","fullName":"saucedemo_automation.tests.test_order_summary#test_verify_order_summary_totals","historyId":"cf614b8e150f48b2472c7f808f7f75e3","time":{"start":1751128340025,"stop":1751128351188,"duration":11163},"description":"Verify total = item total + tax with accurate rounding","descriptionHtml":"<p>Verify total = item total + tax with accurate rounding</p>\n","status":"broken","statusMessage":"selenium.common.exceptions.TimeoutException: Message: \nStacktrace:\n\tGetHandleVerifier [0x0x7ff66e3c6f65+76917]\n\tGetHandleVerifier [0x0x7ff66e3c6fc0+77008]\n\t(No symbol) [0x0x7ff66e179dea]\n\t(No symbol) [0x0x7ff66e1d0256]\n\t(No symbol) [0x0x7ff66e1d050c]\n\t(No symbol) [0x0x7ff66e223887]\n\t(No symbol) [0x0x7ff66e1f84af]\n\t(No symbol) [0x0x7ff66e22065c]\n\t(No symbol) [0x0x7ff66e1f8243]\n\t(No symbol) [0x0x7ff66e1c1431]\n\t(No symbol) [0x0x7ff66e1c21c3]\n\tGetHandleVerifier [0x0x7ff66e69d29d+3051437]\n\tGetHandleVerifier [0x0x7ff66e6978f3+3028483]\n\tGetHandleVerifier [0x0x7ff66e6b588d+3151261]\n\tGetHandleVerifier [0x0x7ff66e3e182e+185662]\n\tGetHandleVerifier [0x0x7ff66e3e96ef+218111]\n\tGetHandleVerifier [0x0x7ff66e3cfae4+112628]\n\tGetHandleVerifier [0x0x7ff66e3cfc99+113065]\n\tGetHandleVerifier [0x0x7ff66e3b6c68+10616]\n\tBaseThreadInitThunk [0x0x7ff8dfabe8d7+23]\n\tRtlUserThreadStart [0x0x7ff8dfcbc34c+44]","statusTrace":"setup = <selenium.webdriver.chrome.webdriver.WebDriver (session=\"d6bf683628a7d121e348f3f8c4891211\")>\n\n    @allure.description(\"Verify total = item total + tax with accurate rounding\")\n    @allure.severity(\"Critical\")\n    @allure.feature(\"Order_Summary\")\n    @allure.story(\"Totals calculation\")\n    @allure.tag(\"order_summary\")\n    @pytest.mark.order_summary\n    def test_verify_order_summary_totals(setup):\n        driver=setup\n    \n        #pageobjects\n        login_page =LoginPage(driver)\n        inventory_page = InventoryPage(driver)\n        cart_page = Cart_page(driver)\n        checkout_page=CheckoutPage(driver)\n        order_summary = OrderSummaryPage(driver)\n    \n        #Login\n        login_page.login(\"standard_user\",\"secret_sauce\")\n    \n        #inventory page\n        inventory_page.add_backpack_to_cart()\n        inventory_page.go_to_cart()\n    \n        #go to checkout\n        cart_page.click_checkout()\n    \n        #fill in valid info\n>       checkout_page.enter_first_name(\"Test\")\n\nsaucedemo_automation\\tests\\test_order_summary.py:37: \n_ _ _ _ _ _ _ _ _ _ _ _ _ _ _ _ _ _ _ _ _ _ _ _ _ _ _ _ _ _ _ _ _ _ _ _ _ _ _ _ _ _ _ _ _ _ _ _ _ _ _ _ _ _ _ _ _ _ _ _\nsaucedemo_automation\\pages\\checkout_page.py:32: in enter_first_name\n    raise e\nsaucedemo_automation\\pages\\checkout_page.py:27: in enter_first_name\n    WebDriverWait(self.driver,10).until(EC.visibility_of_element_located(self.FIRST_NAME))\n_ _ _ _ _ _ _ _ _ _ _ _ _ _ _ _ _ _ _ _ _ _ _ _ _ _ _ _ _ _ _ _ _ _ _ _ _ _ _ _ _ _ _ _ _ _ _ _ _ _ _ _ _ _ _ _ _ _ _ _\n\nself = <selenium.webdriver.support.wait.WebDriverWait (session=\"d6bf683628a7d121e348f3f8c4891211\")>\nmethod = <function visibility_of_element_located.<locals>._predicate at 0x00000213A8B01620>, message = ''\n\n    def until(self, method: Callable[[D], Union[Literal[False], T]], message: str = \"\") -> T:\n        \"\"\"Calls the method provided with the driver as an argument until the \\\n        return value does not evaluate to ``False``.\n    \n        :param method: callable(WebDriver)\n        :param message: optional message for :exc:`TimeoutException`\n        :returns: the result of the last call to `method`\n        :raises: :exc:`selenium.common.exceptions.TimeoutException` if timeout occurs\n        \"\"\"\n        screen = None\n        stacktrace = None\n    \n        end_time = time.monotonic() + self._timeout\n        while True:\n            try:\n                value = method(self._driver)\n                if value:\n                    return value\n            except self._ignored_exceptions as exc:\n                screen = getattr(exc, \"screen\", None)\n                stacktrace = getattr(exc, \"stacktrace\", None)\n            time.sleep(self._poll)\n            if time.monotonic() > end_time:\n                break\n>       raise TimeoutException(message, screen, stacktrace)\nE       selenium.common.exceptions.TimeoutException: Message: \nE       Stacktrace:\nE       \tGetHandleVerifier [0x0x7ff66e3c6f65+76917]\nE       \tGetHandleVerifier [0x0x7ff66e3c6fc0+77008]\nE       \t(No symbol) [0x0x7ff66e179dea]\nE       \t(No symbol) [0x0x7ff66e1d0256]\nE       \t(No symbol) [0x0x7ff66e1d050c]\nE       \t(No symbol) [0x0x7ff66e223887]\nE       \t(No symbol) [0x0x7ff66e1f84af]\nE       \t(No symbol) [0x0x7ff66e22065c]\nE       \t(No symbol) [0x0x7ff66e1f8243]\nE       \t(No symbol) [0x0x7ff66e1c1431]\nE       \t(No symbol) [0x0x7ff66e1c21c3]\nE       \tGetHandleVerifier [0x0x7ff66e69d29d+3051437]\nE       \tGetHandleVerifier [0x0x7ff66e6978f3+3028483]\nE       \tGetHandleVerifier [0x0x7ff66e6b588d+3151261]\nE       \tGetHandleVerifier [0x0x7ff66e3e182e+185662]\nE       \tGetHandleVerifier [0x0x7ff66e3e96ef+218111]\nE       \tGetHandleVerifier [0x0x7ff66e3cfae4+112628]\nE       \tGetHandleVerifier [0x0x7ff66e3cfc99+113065]\nE       \tGetHandleVerifier [0x0x7ff66e3b6c68+10616]\nE       \tBaseThreadInitThunk [0x0x7ff8dfabe8d7+23]\nE       \tRtlUserThreadStart [0x0x7ff8dfcbc34c+44]\n\n..\\..\\AppData\\Local\\Programs\\Python\\Python312\\Lib\\site-packages\\selenium\\webdriver\\support\\wait.py:105: TimeoutException","flaky":false,"newFailed":false,"newBroken":false,"newPassed":false,"retriesCount":5,"retriesStatusChange":true,"beforeStages":[{"name":"setup","time":{"start":1751128336455,"stop":1751128340024,"duration":3569},"status":"passed","steps":[],"attachments":[],"parameters":[],"hasContent":false,"shouldDisplayMessage":false,"attachmentsCount":0,"stepsCount":0,"attachmentStep":false}],"afterStages":[{"name":"setup::0","time":{"start":1751128351314,"stop":1751128353822,"duration":2508},"status":"passed","steps":[],"attachments":[],"parameters":[],"hasContent":false,"shouldDisplayMessage":false,"attachmentsCount":0,"stepsCount":0,"attachmentStep":false}],"labels":[{"name":"feature","value":"Order_Summary"},{"name":"story","value":"Totals calculation"},{"name":"tag","value":"order_summary"},{"name":"severity","value":"Critical"},{"name":"tag","value":"order_summary"},{"name":"parentSuite","value":"saucedemo_automation.tests"},{"name":"suite","value":"test_order_summary"},{"name":"host","value":"VishwaNarayanan"},{"name":"thread","value":"17732-MainThread"},{"name":"framework","value":"pytest"},{"name":"language","value":"cpython3"},{"name":"package","value":"saucedemo_automation.tests.test_order_summary"},{"name":"resultFormat","value":"allure2"}],"parameters":[],"links":[],"hidden":false,"retry":false,"extra":{"severity":"critical","retries":[{"uid":"f7217194ff5bb0ef","status":"broken","statusDetails":"selenium.common.exceptions.TimeoutException: Message: \nStacktrace:\n\tGetHandleVerifier [0x0x7ff66e3c6f65+76917]\n\tGetHandleVerifier [0x0x7ff66e3c6fc0+77008]\n\t(No symbol) [0x0x7ff66e179dea]\n\t(No symbol) [0x0x7ff66e1d0256]\n\t(No symbol) [0x0x7ff66e1d050c]\n\t(No symbol) [0x0x7ff66e223887]\n\t(No symbol) [0x0x7ff66e1f84af]\n\t(No symbol) [0x0x7ff66e22065c]\n\t(No symbol) [0x0x7ff66e1f8243]\n\t(No symbol) [0x0x7ff66e1c1431]\n\t(No symbol) [0x0x7ff66e1c21c3]\n\tGetHandleVerifier [0x0x7ff66e69d29d+3051437]\n\tGetHandleVerifier [0x0x7ff66e6978f3+3028483]\n\tGetHandleVerifier [0x0x7ff66e6b588d+3151261]\n\tGetHandleVerifier [0x0x7ff66e3e182e+185662]\n\tGetHandleVerifier [0x0x7ff66e3e96ef+218111]\n\tGetHandleVerifier [0x0x7ff66e3cfae4+112628]\n\tGetHandleVerifier [0x0x7ff66e3cfc99+113065]\n\tGetHandleVerifier [0x0x7ff66e3b6c68+10616]\n\tBaseThreadInitThunk [0x0x7ff8dfabe8d7+23]\n\tRtlUserThreadStart [0x0x7ff8dfcbc34c+44]","time":{"start":1751127776159,"stop":1751127787074,"duration":10915}},{"uid":"a70e59c53a9af1fe","status":"broken","statusDetails":"selenium.common.exceptions.TimeoutException: Message: \nStacktrace:\n\tGetHandleVerifier [0x0x7ff66e3c6f65+76917]\n\tGetHandleVerifier [0x0x7ff66e3c6fc0+77008]\n\t(No symbol) [0x0x7ff66e179dea]\n\t(No symbol) [0x0x7ff66e1d0256]\n\t(No symbol) [0x0x7ff66e1d050c]\n\t(No symbol) [0x0x7ff66e223887]\n\t(No symbol) [0x0x7ff66e1f84af]\n\t(No symbol) [0x0x7ff66e22065c]\n\t(No symbol) [0x0x7ff66e1f8243]\n\t(No symbol) [0x0x7ff66e1c1431]\n\t(No symbol) [0x0x7ff66e1c21c3]\n\tGetHandleVerifier [0x0x7ff66e69d29d+3051437]\n\tGetHandleVerifier [0x0x7ff66e6978f3+3028483]\n\tGetHandleVerifier [0x0x7ff66e6b588d+3151261]\n\tGetHandleVerifier [0x0x7ff66e3e182e+185662]\n\tGetHandleVerifier [0x0x7ff66e3e96ef+218111]\n\tGetHandleVerifier [0x0x7ff66e3cfae4+112628]\n\tGetHandleVerifier [0x0x7ff66e3cfc99+113065]\n\tGetHandleVerifier [0x0x7ff66e3b6c68+10616]\n\tBaseThreadInitThunk [0x0x7ff8dfabe8d7+23]\n\tRtlUserThreadStart [0x0x7ff8dfcbc34c+44]","time":{"start":1751127343218,"stop":1751127354378,"duration":11160}},{"uid":"14e1c59ae38b8ca9","status":"broken","statusDetails":"selenium.common.exceptions.TimeoutException: Message: \nStacktrace:\n\tGetHandleVerifier [0x0x7ff78a416f65+76917]\n\tGetHandleVerifier [0x0x7ff78a416fc0+77008]\n\t(No symbol) [0x0x7ff78a1c9dea]\n\t(No symbol) [0x0x7ff78a220256]\n\t(No symbol) [0x0x7ff78a22050c]\n\t(No symbol) [0x0x7ff78a273887]\n\t(No symbol) [0x0x7ff78a2484af]\n\t(No symbol) [0x0x7ff78a27065c]\n\t(No symbol) [0x0x7ff78a248243]\n\t(No symbol) [0x0x7ff78a211431]\n\t(No symbol) [0x0x7ff78a2121c3]\n\tGetHandleVerifier [0x0x7ff78a6ed29d+3051437]\n\tGetHandleVerifier [0x0x7ff78a6e78f3+3028483]\n\tGetHandleVerifier [0x0x7ff78a70588d+3151261]\n\tGetHandleVerifier [0x0x7ff78a43182e+185662]\n\tGetHandleVerifier [0x0x7ff78a4396ef+218111]\n\tGetHandleVerifier [0x0x7ff78a41fae4+112628]\n\tGetHandleVerifier [0x0x7ff78a41fc99+113065]\n\tGetHandleVerifier [0x0x7ff78a406c68+10616]\n\tBaseThreadInitThunk [0x0x7ff8dfabe8d7+23]\n\tRtlUserThreadStart [0x0x7ff8dfcbc34c+44]","time":{"start":1751126515307,"stop":1751126526198,"duration":10891}},{"uid":"ebd4f67e03947a2f","status":"broken","statusDetails":"selenium.common.exceptions.TimeoutException: Message: \nStacktrace:\n\tGetHandleVerifier [0x0x7ff78a416f65+76917]\n\tGetHandleVerifier [0x0x7ff78a416fc0+77008]\n\t(No symbol) [0x0x7ff78a1c9dea]\n\t(No symbol) [0x0x7ff78a220256]\n\t(No symbol) [0x0x7ff78a22050c]\n\t(No symbol) [0x0x7ff78a273887]\n\t(No symbol) [0x0x7ff78a2484af]\n\t(No symbol) [0x0x7ff78a27065c]\n\t(No symbol) [0x0x7ff78a248243]\n\t(No symbol) [0x0x7ff78a211431]\n\t(No symbol) [0x0x7ff78a2121c3]\n\tGetHandleVerifier [0x0x7ff78a6ed29d+3051437]\n\tGetHandleVerifier [0x0x7ff78a6e78f3+3028483]\n\tGetHandleVerifier [0x0x7ff78a70588d+3151261]\n\tGetHandleVerifier [0x0x7ff78a43182e+185662]\n\tGetHandleVerifier [0x0x7ff78a4396ef+218111]\n\tGetHandleVerifier [0x0x7ff78a41fae4+112628]\n\tGetHandleVerifier [0x0x7ff78a41fc99+113065]\n\tGetHandleVerifier [0x0x7ff78a406c68+10616]\n\tBaseThreadInitThunk [0x0x7ff8dfabe8d7+23]\n\tRtlUserThreadStart [0x0x7ff8dfcbc34c+44]","time":{"start":1751126278595,"stop":1751126289197,"duration":10602}},{"uid":"2292600565a99a94","status":"passed","time":{"start":1751103265555,"stop":1751103267192,"duration":1637}}],"categories":[{"name":"Test defects","matchedStatuses":[],"flaky":false}],"tags":["order_summary"]},"source":"183c36738212c81a.json","parameterValues":[]}