{"uid":"752bc931703a013d","name":"test_finish_order","fullName":"saucedemo_automation.tests.test_finish_order#test_finish_order","historyId":"f2927e25e2df1f003b80d81a5a51eb71","time":{"start":1751128142166,"stop":1751128153456,"duration":11290},"description":"Complete the order and validate the success confirmation message","descriptionHtml":"<p>Complete the order and validate the success confirmation message</p>\n","status":"broken","statusMessage":"selenium.common.exceptions.TimeoutException: Message: \nStacktrace:\n\tGetHandleVerifier [0x0x7ff66e3c6f65+76917]\n\tGetHandleVerifier [0x0x7ff66e3c6fc0+77008]\n\t(No symbol) [0x0x7ff66e179dea]\n\t(No symbol) [0x0x7ff66e1d0256]\n\t(No symbol) [0x0x7ff66e1d050c]\n\t(No symbol) [0x0x7ff66e223887]\n\t(No symbol) [0x0x7ff66e1f84af]\n\t(No symbol) [0x0x7ff66e22065c]\n\t(No symbol) [0x0x7ff66e1f8243]\n\t(No symbol) [0x0x7ff66e1c1431]\n\t(No symbol) [0x0x7ff66e1c21c3]\n\tGetHandleVerifier [0x0x7ff66e69d29d+3051437]\n\tGetHandleVerifier [0x0x7ff66e6978f3+3028483]\n\tGetHandleVerifier [0x0x7ff66e6b588d+3151261]\n\tGetHandleVerifier [0x0x7ff66e3e182e+185662]\n\tGetHandleVerifier [0x0x7ff66e3e96ef+218111]\n\tGetHandleVerifier [0x0x7ff66e3cfae4+112628]\n\tGetHandleVerifier [0x0x7ff66e3cfc99+113065]\n\tGetHandleVerifier [0x0x7ff66e3b6c68+10616]\n\tBaseThreadInitThunk [0x0x7ff8dfabe8d7+23]\n\tRtlUserThreadStart [0x0x7ff8dfcbc34c+44]","statusTrace":"setup = <selenium.webdriver.chrome.webdriver.WebDriver (session=\"a2efa062ff53a92bc60726c6cbc1f1cf\")>\n\n    @allure.description(\"Complete the order and validate the success confirmation message\")\n    @allure.severity(\"Critical\")\n    @allure.feature(\"Order\")\n    @allure.story(\"Finish purchase\")\n    @allure.tag(\"order_complete\")\n    @pytest.mark.order_complete\n    def test_finish_order(setup):\n        driver=setup\n        login_page = LoginPage(driver)\n        inventory_page=InventoryPage(driver)\n        cart_page=Cart_page(driver)\n        checkout_page=CheckoutPage(driver)\n        order_summary_page=OrderSummaryPage(driver)\n    \n    \n        login_page.login(\"standard_user\",\"secret_sauce\")\n        inventory_page.add_backpack_to_cart()\n        inventory_page.go_to_cart()\n>       cart_page.click_checkout()\n\nsaucedemo_automation\\tests\\test_finish_order.py:28: \n_ _ _ _ _ _ _ _ _ _ _ _ _ _ _ _ _ _ _ _ _ _ _ _ _ _ _ _ _ _ _ _ _ _ _ _ _ _ _ _ _ _ _ _ _ _ _ _ _ _ _ _ _ _ _ _ _ _ _ _\nsaucedemo_automation\\pages\\cart_page.py:25: in click_checkout\n    self.click(self.CHECKOUT_BTN)\nsaucedemo_automation\\pages\\base_page.py:12: in click\n    element = WebDriverWait(self.driver,self.timeout).until(\n_ _ _ _ _ _ _ _ _ _ _ _ _ _ _ _ _ _ _ _ _ _ _ _ _ _ _ _ _ _ _ _ _ _ _ _ _ _ _ _ _ _ _ _ _ _ _ _ _ _ _ _ _ _ _ _ _ _ _ _\n\nself = <selenium.webdriver.support.wait.WebDriverWait (session=\"a2efa062ff53a92bc60726c6cbc1f1cf\")>\nmethod = <function element_to_be_clickable.<locals>._predicate at 0x00000213A8AB2020>, message = ''\n\n    def until(self, method: Callable[[D], Union[Literal[False], T]], message: str = \"\") -> T:\n        \"\"\"Calls the method provided with the driver as an argument until the \\\n        return value does not evaluate to ``False``.\n    \n        :param method: callable(WebDriver)\n        :param message: optional message for :exc:`TimeoutException`\n        :returns: the result of the last call to `method`\n        :raises: :exc:`selenium.common.exceptions.TimeoutException` if timeout occurs\n        \"\"\"\n        screen = None\n        stacktrace = None\n    \n        end_time = time.monotonic() + self._timeout\n        while True:\n            try:\n                value = method(self._driver)\n                if value:\n                    return value\n            except self._ignored_exceptions as exc:\n                screen = getattr(exc, \"screen\", None)\n                stacktrace = getattr(exc, \"stacktrace\", None)\n            time.sleep(self._poll)\n            if time.monotonic() > end_time:\n                break\n>       raise TimeoutException(message, screen, stacktrace)\nE       selenium.common.exceptions.TimeoutException: Message: \nE       Stacktrace:\nE       \tGetHandleVerifier [0x0x7ff66e3c6f65+76917]\nE       \tGetHandleVerifier [0x0x7ff66e3c6fc0+77008]\nE       \t(No symbol) [0x0x7ff66e179dea]\nE       \t(No symbol) [0x0x7ff66e1d0256]\nE       \t(No symbol) [0x0x7ff66e1d050c]\nE       \t(No symbol) [0x0x7ff66e223887]\nE       \t(No symbol) [0x0x7ff66e1f84af]\nE       \t(No symbol) [0x0x7ff66e22065c]\nE       \t(No symbol) [0x0x7ff66e1f8243]\nE       \t(No symbol) [0x0x7ff66e1c1431]\nE       \t(No symbol) [0x0x7ff66e1c21c3]\nE       \tGetHandleVerifier [0x0x7ff66e69d29d+3051437]\nE       \tGetHandleVerifier [0x0x7ff66e6978f3+3028483]\nE       \tGetHandleVerifier [0x0x7ff66e6b588d+3151261]\nE       \tGetHandleVerifier [0x0x7ff66e3e182e+185662]\nE       \tGetHandleVerifier [0x0x7ff66e3e96ef+218111]\nE       \tGetHandleVerifier [0x0x7ff66e3cfae4+112628]\nE       \tGetHandleVerifier [0x0x7ff66e3cfc99+113065]\nE       \tGetHandleVerifier [0x0x7ff66e3b6c68+10616]\nE       \tBaseThreadInitThunk [0x0x7ff8dfabe8d7+23]\nE       \tRtlUserThreadStart [0x0x7ff8dfcbc34c+44]\n\n..\\..\\AppData\\Local\\Programs\\Python\\Python312\\Lib\\site-packages\\selenium\\webdriver\\support\\wait.py:105: TimeoutException","flaky":false,"newFailed":false,"newBroken":false,"newPassed":false,"retriesCount":5,"retriesStatusChange":true,"beforeStages":[{"name":"setup","time":{"start":1751128138999,"stop":1751128142166,"duration":3167},"status":"passed","steps":[],"attachments":[],"parameters":[],"hasContent":false,"shouldDisplayMessage":false,"attachmentsCount":0,"stepsCount":0,"attachmentStep":false}],"afterStages":[{"name":"setup::0","time":{"start":1751128153694,"stop":1751128156166,"duration":2472},"status":"passed","steps":[],"attachments":[],"parameters":[],"hasContent":false,"shouldDisplayMessage":false,"attachmentsCount":0,"stepsCount":0,"attachmentStep":false}],"labels":[{"name":"story","value":"Finish purchase"},{"name":"feature","value":"Order"},{"name":"tag","value":"order_complete"},{"name":"severity","value":"Critical"},{"name":"tag","value":"order_complete"},{"name":"parentSuite","value":"saucedemo_automation.tests"},{"name":"suite","value":"test_finish_order"},{"name":"host","value":"VishwaNarayanan"},{"name":"thread","value":"17732-MainThread"},{"name":"framework","value":"pytest"},{"name":"language","value":"cpython3"},{"name":"package","value":"saucedemo_automation.tests.test_finish_order"},{"name":"resultFormat","value":"allure2"}],"parameters":[],"links":[],"hidden":false,"retry":false,"extra":{"severity":"critical","retries":[{"uid":"bdbedd311e9c2369","status":"broken","statusDetails":"selenium.common.exceptions.TimeoutException: Message: \nStacktrace:\n\tGetHandleVerifier [0x0x7ff66e3c6f65+76917]\n\tGetHandleVerifier [0x0x7ff66e3c6fc0+77008]\n\t(No symbol) [0x0x7ff66e179dea]\n\t(No symbol) [0x0x7ff66e1d0256]\n\t(No symbol) [0x0x7ff66e1d050c]\n\t(No symbol) [0x0x7ff66e223887]\n\t(No symbol) [0x0x7ff66e1f84af]\n\t(No symbol) [0x0x7ff66e22065c]\n\t(No symbol) [0x0x7ff66e1f8243]\n\t(No symbol) [0x0x7ff66e1c1431]\n\t(No symbol) [0x0x7ff66e1c21c3]\n\tGetHandleVerifier [0x0x7ff66e69d29d+3051437]\n\tGetHandleVerifier [0x0x7ff66e6978f3+3028483]\n\tGetHandleVerifier [0x0x7ff66e6b588d+3151261]\n\tGetHandleVerifier [0x0x7ff66e3e182e+185662]\n\tGetHandleVerifier [0x0x7ff66e3e96ef+218111]\n\tGetHandleVerifier [0x0x7ff66e3cfae4+112628]\n\tGetHandleVerifier [0x0x7ff66e3cfc99+113065]\n\tGetHandleVerifier [0x0x7ff66e3b6c68+10616]\n\tBaseThreadInitThunk [0x0x7ff8dfabe8d7+23]\n\tRtlUserThreadStart [0x0x7ff8dfcbc34c+44]","time":{"start":1751127571994,"stop":1751127583155,"duration":11161}},{"uid":"448f7aac802f942","status":"broken","statusDetails":"selenium.common.exceptions.TimeoutException: Message: \nStacktrace:\n\tGetHandleVerifier [0x0x7ff66e3c6f65+76917]\n\tGetHandleVerifier [0x0x7ff66e3c6fc0+77008]\n\t(No symbol) [0x0x7ff66e179dea]\n\t(No symbol) [0x0x7ff66e1d0256]\n\t(No symbol) [0x0x7ff66e1d050c]\n\t(No symbol) [0x0x7ff66e223887]\n\t(No symbol) [0x0x7ff66e1f84af]\n\t(No symbol) [0x0x7ff66e22065c]\n\t(No symbol) [0x0x7ff66e1f8243]\n\t(No symbol) [0x0x7ff66e1c1431]\n\t(No symbol) [0x0x7ff66e1c21c3]\n\tGetHandleVerifier [0x0x7ff66e69d29d+3051437]\n\tGetHandleVerifier [0x0x7ff66e6978f3+3028483]\n\tGetHandleVerifier [0x0x7ff66e6b588d+3151261]\n\tGetHandleVerifier [0x0x7ff66e3e182e+185662]\n\tGetHandleVerifier [0x0x7ff66e3e96ef+218111]\n\tGetHandleVerifier [0x0x7ff66e3cfae4+112628]\n\tGetHandleVerifier [0x0x7ff66e3cfc99+113065]\n\tGetHandleVerifier [0x0x7ff66e3b6c68+10616]\n\tBaseThreadInitThunk [0x0x7ff8dfabe8d7+23]\n\tRtlUserThreadStart [0x0x7ff8dfcbc34c+44]","time":{"start":1751127155248,"stop":1751127166296,"duration":11048}},{"uid":"844176235fb1dc41","status":"passed","time":{"start":1751126370664,"stop":1751126377253,"duration":6589}},{"uid":"8835cf8b7b037691","status":"passed","time":{"start":1751126131918,"stop":1751126132938,"duration":1020}},{"uid":"434627dcaf4e0700","status":"passed","time":{"start":1751103076008,"stop":1751103077801,"duration":1793}}],"categories":[{"name":"Test defects","matchedStatuses":[],"flaky":false}],"tags":["order_complete"]},"source":"752bc931703a013d.json","parameterValues":[]}