{"uid":"8fe95bda670e9182","name":"test_checkout_valid_info","fullName":"saucedemo_automation.tests.test_checkout#test_checkout_valid_info","historyId":"27b7a8bf0ecab3ae04727a6958c38db7","time":{"start":1751128107829,"stop":1751128119063,"duration":11234},"description":"Enter valid first name, last name, and zip to proceed","descriptionHtml":"<p>Enter valid first name, last name, and zip to proceed</p>\n","status":"broken","statusMessage":"selenium.common.exceptions.TimeoutException: Message: \nStacktrace:\n\tGetHandleVerifier [0x0x7ff66e3c6f65+76917]\n\tGetHandleVerifier [0x0x7ff66e3c6fc0+77008]\n\t(No symbol) [0x0x7ff66e179dea]\n\t(No symbol) [0x0x7ff66e1d0256]\n\t(No symbol) [0x0x7ff66e1d050c]\n\t(No symbol) [0x0x7ff66e223887]\n\t(No symbol) [0x0x7ff66e1f84af]\n\t(No symbol) [0x0x7ff66e22065c]\n\t(No symbol) [0x0x7ff66e1f8243]\n\t(No symbol) [0x0x7ff66e1c1431]\n\t(No symbol) [0x0x7ff66e1c21c3]\n\tGetHandleVerifier [0x0x7ff66e69d29d+3051437]\n\tGetHandleVerifier [0x0x7ff66e6978f3+3028483]\n\tGetHandleVerifier [0x0x7ff66e6b588d+3151261]\n\tGetHandleVerifier [0x0x7ff66e3e182e+185662]\n\tGetHandleVerifier [0x0x7ff66e3e96ef+218111]\n\tGetHandleVerifier [0x0x7ff66e3cfae4+112628]\n\tGetHandleVerifier [0x0x7ff66e3cfc99+113065]\n\tGetHandleVerifier [0x0x7ff66e3b6c68+10616]\n\tBaseThreadInitThunk [0x0x7ff8dfabe8d7+23]\n\tRtlUserThreadStart [0x0x7ff8dfcbc34c+44]","statusTrace":"setup = <selenium.webdriver.chrome.webdriver.WebDriver (session=\"c224ae28f0b73c144abb4ead211117a1\")>\n\n    @allure.description(\"Enter valid first name, last name, and zip to proceed\")\n    @allure.severity(\"Major\")\n    @allure.feature(\"Checkout\")\n    @allure.story(\"Enter valid user info\")\n    @allure.tag(\"checkout\")\n    @pytest.mark.checkout\n    def test_checkout_valid_info(setup):\n        driver=setup\n        login_page=LoginPage(driver)\n        inventory_page=InventoryPage(driver)\n        cart_page=Cart_page(driver)\n        checkout_page=CheckoutPage(driver)\n    \n        #login\n        login_page.login(\"standard_user\",\"secret_sauce\")\n        #Add item to cart\n        inventory_page.add_backpack_to_cart()\n        inventory_page.go_to_cart()\n    \n        #Go  to checkout\n        cart_page.click_checkout()\n    \n        # Fill valid info\n>       checkout_page.enter_first_name(\"Test\")\n\nsaucedemo_automation\\tests\\test_checkout.py:55: \n_ _ _ _ _ _ _ _ _ _ _ _ _ _ _ _ _ _ _ _ _ _ _ _ _ _ _ _ _ _ _ _ _ _ _ _ _ _ _ _ _ _ _ _ _ _ _ _ _ _ _ _ _ _ _ _ _ _ _ _\nsaucedemo_automation\\pages\\checkout_page.py:32: in enter_first_name\n    raise e\nsaucedemo_automation\\pages\\checkout_page.py:27: in enter_first_name\n    WebDriverWait(self.driver,10).until(EC.visibility_of_element_located(self.FIRST_NAME))\n_ _ _ _ _ _ _ _ _ _ _ _ _ _ _ _ _ _ _ _ _ _ _ _ _ _ _ _ _ _ _ _ _ _ _ _ _ _ _ _ _ _ _ _ _ _ _ _ _ _ _ _ _ _ _ _ _ _ _ _\n\nself = <selenium.webdriver.support.wait.WebDriverWait (session=\"c224ae28f0b73c144abb4ead211117a1\")>\nmethod = <function visibility_of_element_located.<locals>._predicate at 0x00000213A8AB1580>, message = ''\n\n    def until(self, method: Callable[[D], Union[Literal[False], T]], message: str = \"\") -> T:\n        \"\"\"Calls the method provided with the driver as an argument until the \\\n        return value does not evaluate to ``False``.\n    \n        :param method: callable(WebDriver)\n        :param message: optional message for :exc:`TimeoutException`\n        :returns: the result of the last call to `method`\n        :raises: :exc:`selenium.common.exceptions.TimeoutException` if timeout occurs\n        \"\"\"\n        screen = None\n        stacktrace = None\n    \n        end_time = time.monotonic() + self._timeout\n        while True:\n            try:\n                value = method(self._driver)\n                if value:\n                    return value\n            except self._ignored_exceptions as exc:\n                screen = getattr(exc, \"screen\", None)\n                stacktrace = getattr(exc, \"stacktrace\", None)\n            time.sleep(self._poll)\n            if time.monotonic() > end_time:\n                break\n>       raise TimeoutException(message, screen, stacktrace)\nE       selenium.common.exceptions.TimeoutException: Message: \nE       Stacktrace:\nE       \tGetHandleVerifier [0x0x7ff66e3c6f65+76917]\nE       \tGetHandleVerifier [0x0x7ff66e3c6fc0+77008]\nE       \t(No symbol) [0x0x7ff66e179dea]\nE       \t(No symbol) [0x0x7ff66e1d0256]\nE       \t(No symbol) [0x0x7ff66e1d050c]\nE       \t(No symbol) [0x0x7ff66e223887]\nE       \t(No symbol) [0x0x7ff66e1f84af]\nE       \t(No symbol) [0x0x7ff66e22065c]\nE       \t(No symbol) [0x0x7ff66e1f8243]\nE       \t(No symbol) [0x0x7ff66e1c1431]\nE       \t(No symbol) [0x0x7ff66e1c21c3]\nE       \tGetHandleVerifier [0x0x7ff66e69d29d+3051437]\nE       \tGetHandleVerifier [0x0x7ff66e6978f3+3028483]\nE       \tGetHandleVerifier [0x0x7ff66e6b588d+3151261]\nE       \tGetHandleVerifier [0x0x7ff66e3e182e+185662]\nE       \tGetHandleVerifier [0x0x7ff66e3e96ef+218111]\nE       \tGetHandleVerifier [0x0x7ff66e3cfae4+112628]\nE       \tGetHandleVerifier [0x0x7ff66e3cfc99+113065]\nE       \tGetHandleVerifier [0x0x7ff66e3b6c68+10616]\nE       \tBaseThreadInitThunk [0x0x7ff8dfabe8d7+23]\nE       \tRtlUserThreadStart [0x0x7ff8dfcbc34c+44]\n\n..\\..\\AppData\\Local\\Programs\\Python\\Python312\\Lib\\site-packages\\selenium\\webdriver\\support\\wait.py:105: TimeoutException","flaky":false,"newFailed":false,"newBroken":false,"newPassed":false,"retriesCount":5,"retriesStatusChange":true,"beforeStages":[{"name":"setup","time":{"start":1751128104680,"stop":1751128107828,"duration":3148},"status":"passed","steps":[],"attachments":[],"parameters":[],"hasContent":false,"shouldDisplayMessage":false,"attachmentsCount":0,"stepsCount":0,"attachmentStep":false}],"afterStages":[{"name":"setup::0","time":{"start":1751128119216,"stop":1751128121645,"duration":2429},"status":"passed","steps":[],"attachments":[],"parameters":[],"hasContent":false,"shouldDisplayMessage":false,"attachmentsCount":0,"stepsCount":0,"attachmentStep":false}],"labels":[{"name":"tag","value":"checkout"},{"name":"feature","value":"Checkout"},{"name":"severity","value":"Major"},{"name":"story","value":"Enter valid user info"},{"name":"tag","value":"checkout"},{"name":"parentSuite","value":"saucedemo_automation.tests"},{"name":"suite","value":"test_checkout"},{"name":"host","value":"VishwaNarayanan"},{"name":"thread","value":"17732-MainThread"},{"name":"framework","value":"pytest"},{"name":"language","value":"cpython3"},{"name":"package","value":"saucedemo_automation.tests.test_checkout"},{"name":"resultFormat","value":"allure2"}],"parameters":[],"links":[],"hidden":false,"retry":false,"extra":{"severity":"normal","retries":[{"uid":"88813a288f651c58","status":"broken","statusDetails":"selenium.common.exceptions.TimeoutException: Message: \nStacktrace:\n\tGetHandleVerifier [0x0x7ff66e3c6f65+76917]\n\tGetHandleVerifier [0x0x7ff66e3c6fc0+77008]\n\t(No symbol) [0x0x7ff66e179dea]\n\t(No symbol) [0x0x7ff66e1d0256]\n\t(No symbol) [0x0x7ff66e1d050c]\n\t(No symbol) [0x0x7ff66e223887]\n\t(No symbol) [0x0x7ff66e1f84af]\n\t(No symbol) [0x0x7ff66e22065c]\n\t(No symbol) [0x0x7ff66e1f8243]\n\t(No symbol) [0x0x7ff66e1c1431]\n\t(No symbol) [0x0x7ff66e1c21c3]\n\tGetHandleVerifier [0x0x7ff66e69d29d+3051437]\n\tGetHandleVerifier [0x0x7ff66e6978f3+3028483]\n\tGetHandleVerifier [0x0x7ff66e6b588d+3151261]\n\tGetHandleVerifier [0x0x7ff66e3e182e+185662]\n\tGetHandleVerifier [0x0x7ff66e3e96ef+218111]\n\tGetHandleVerifier [0x0x7ff66e3cfae4+112628]\n\tGetHandleVerifier [0x0x7ff66e3cfc99+113065]\n\tGetHandleVerifier [0x0x7ff66e3b6c68+10616]\n\tBaseThreadInitThunk [0x0x7ff8dfabe8d7+23]\n\tRtlUserThreadStart [0x0x7ff8dfcbc34c+44]","time":{"start":1751127537742,"stop":1751127548987,"duration":11245}},{"uid":"e5699f43ffc6cb18","status":"broken","statusDetails":"selenium.common.exceptions.TimeoutException: Message: \nStacktrace:\n\tGetHandleVerifier [0x0x7ff66e3c6f65+76917]\n\tGetHandleVerifier [0x0x7ff66e3c6fc0+77008]\n\t(No symbol) [0x0x7ff66e179dea]\n\t(No symbol) [0x0x7ff66e1d0256]\n\t(No symbol) [0x0x7ff66e1d050c]\n\t(No symbol) [0x0x7ff66e223887]\n\t(No symbol) [0x0x7ff66e1f84af]\n\t(No symbol) [0x0x7ff66e22065c]\n\t(No symbol) [0x0x7ff66e1f8243]\n\t(No symbol) [0x0x7ff66e1c1431]\n\t(No symbol) [0x0x7ff66e1c21c3]\n\tGetHandleVerifier [0x0x7ff66e69d29d+3051437]\n\tGetHandleVerifier [0x0x7ff66e6978f3+3028483]\n\tGetHandleVerifier [0x0x7ff66e6b588d+3151261]\n\tGetHandleVerifier [0x0x7ff66e3e182e+185662]\n\tGetHandleVerifier [0x0x7ff66e3e96ef+218111]\n\tGetHandleVerifier [0x0x7ff66e3cfae4+112628]\n\tGetHandleVerifier [0x0x7ff66e3cfc99+113065]\n\tGetHandleVerifier [0x0x7ff66e3b6c68+10616]\n\tBaseThreadInitThunk [0x0x7ff8dfabe8d7+23]\n\tRtlUserThreadStart [0x0x7ff8dfcbc34c+44]","time":{"start":1751127121429,"stop":1751127132413,"duration":10984}},{"uid":"99bff8e65ebeeefe","status":"failed","statusDetails":"AssertionError: assert 'Checkout: Your Information' == 'Checkout: Overview'\n  \n  - Checkout: Overview\n  + Checkout: Your Information","time":{"start":1751126354535,"stop":1751126355453,"duration":918}},{"uid":"ed228a8886abd1c4","status":"passed","time":{"start":1751126112410,"stop":1751126113378,"duration":968}},{"uid":"ffd2b4ef46fe686b","status":"passed","time":{"start":1751103052443,"stop":1751103053928,"duration":1485}}],"categories":[{"name":"Test defects","matchedStatuses":[],"flaky":false}],"tags":["checkout"]},"source":"8fe95bda670e9182.json","parameterValues":[]}