{"uid":"bdbedd311e9c2369","name":"test_finish_order","fullName":"saucedemo_automation.tests.test_finish_order#test_finish_order","historyId":"f2927e25e2df1f003b80d81a5a51eb71","time":{"start":1751127571994,"stop":1751127583155,"duration":11161},"description":"Complete the order and validate the success confirmation message","descriptionHtml":"<p>Complete the order and validate the success confirmation message</p>\n","status":"broken","statusMessage":"selenium.common.exceptions.TimeoutException: Message: \nStacktrace:\n\tGetHandleVerifier [0x0x7ff66e3c6f65+76917]\n\tGetHandleVerifier [0x0x7ff66e3c6fc0+77008]\n\t(No symbol) [0x0x7ff66e179dea]\n\t(No symbol) [0x0x7ff66e1d0256]\n\t(No symbol) [0x0x7ff66e1d050c]\n\t(No symbol) [0x0x7ff66e223887]\n\t(No symbol) [0x0x7ff66e1f84af]\n\t(No symbol) [0x0x7ff66e22065c]\n\t(No symbol) [0x0x7ff66e1f8243]\n\t(No symbol) [0x0x7ff66e1c1431]\n\t(No symbol) [0x0x7ff66e1c21c3]\n\tGetHandleVerifier [0x0x7ff66e69d29d+3051437]\n\tGetHandleVerifier [0x0x7ff66e6978f3+3028483]\n\tGetHandleVerifier [0x0x7ff66e6b588d+3151261]\n\tGetHandleVerifier [0x0x7ff66e3e182e+185662]\n\tGetHandleVerifier [0x0x7ff66e3e96ef+218111]\n\tGetHandleVerifier [0x0x7ff66e3cfae4+112628]\n\tGetHandleVerifier [0x0x7ff66e3cfc99+113065]\n\tGetHandleVerifier [0x0x7ff66e3b6c68+10616]\n\tBaseThreadInitThunk [0x0x7ff8dfabe8d7+23]\n\tRtlUserThreadStart [0x0x7ff8dfcbc34c+44]","statusTrace":"setup = <selenium.webdriver.chrome.webdriver.WebDriver (session=\"d92ad8f7216f25372d1ac3efd0331182\")>\n\n    @allure.description(\"Complete the order and validate the success confirmation message\")\n    @allure.severity(\"Critical\")\n    @allure.feature(\"Order\")\n    @allure.story(\"Finish purchase\")\n    @allure.tag(\"order_complete\")\n    @pytest.mark.order_complete\n    def test_finish_order(setup):\n        driver=setup\n        login_page = LoginPage(driver)\n        inventory_page=InventoryPage(driver)\n        cart_page=Cart_page(driver)\n        checkout_page=CheckoutPage(driver)\n        order_summary_page=OrderSummaryPage(driver)\n    \n    \n        login_page.login(\"standard_user\",\"secret_sauce\")\n        inventory_page.add_backpack_to_cart()\n        inventory_page.go_to_cart()\n        cart_page.click_checkout()\n>       checkout_page.enter_first_name(\"Test\")\n\nsaucedemo_automation\\tests\\test_finish_order.py:29: \n_ _ _ _ _ _ _ _ _ _ _ _ _ _ _ _ _ _ _ _ _ _ _ _ _ _ _ _ _ _ _ _ _ _ _ _ _ _ _ _ _ _ _ _ _ _ _ _ _ _ _ _ _ _ _ _ _ _ _ _ _ _ _ _ _ _ _ _ _ _ _ _ _ _ _ _ _ _ _ _ _ _ _ _ _ _ _ _ _ _\nsaucedemo_automation\\pages\\checkout_page.py:32: in enter_first_name\n    raise e\nsaucedemo_automation\\pages\\checkout_page.py:27: in enter_first_name\n    WebDriverWait(self.driver,10).until(EC.visibility_of_element_located(self.FIRST_NAME))\n_ _ _ _ _ _ _ _ _ _ _ _ _ _ _ _ _ _ _ _ _ _ _ _ _ _ _ _ _ _ _ _ _ _ _ _ _ _ _ _ _ _ _ _ _ _ _ _ _ _ _ _ _ _ _ _ _ _ _ _ _ _ _ _ _ _ _ _ _ _ _ _ _ _ _ _ _ _ _ _ _ _ _ _ _ _ _ _ _ _\n\nself = <selenium.webdriver.support.wait.WebDriverWait (session=\"d92ad8f7216f25372d1ac3efd0331182\")>\nmethod = <function visibility_of_element_located.<locals>._predicate at 0x0000017CDE39E020>, message = ''\n\n    def until(self, method: Callable[[D], Union[Literal[False], T]], message: str = \"\") -> T:\n        \"\"\"Calls the method provided with the driver as an argument until the \\\n        return value does not evaluate to ``False``.\n    \n        :param method: callable(WebDriver)\n        :param message: optional message for :exc:`TimeoutException`\n        :returns: the result of the last call to `method`\n        :raises: :exc:`selenium.common.exceptions.TimeoutException` if timeout occurs\n        \"\"\"\n        screen = None\n        stacktrace = None\n    \n        end_time = time.monotonic() + self._timeout\n        while True:\n            try:\n                value = method(self._driver)\n                if value:\n                    return value\n            except self._ignored_exceptions as exc:\n                screen = getattr(exc, \"screen\", None)\n                stacktrace = getattr(exc, \"stacktrace\", None)\n            time.sleep(self._poll)\n            if time.monotonic() > end_time:\n                break\n>       raise TimeoutException(message, screen, stacktrace)\nE       selenium.common.exceptions.TimeoutException: Message: \nE       Stacktrace:\nE       \tGetHandleVerifier [0x0x7ff66e3c6f65+76917]\nE       \tGetHandleVerifier [0x0x7ff66e3c6fc0+77008]\nE       \t(No symbol) [0x0x7ff66e179dea]\nE       \t(No symbol) [0x0x7ff66e1d0256]\nE       \t(No symbol) [0x0x7ff66e1d050c]\nE       \t(No symbol) [0x0x7ff66e223887]\nE       \t(No symbol) [0x0x7ff66e1f84af]\nE       \t(No symbol) [0x0x7ff66e22065c]\nE       \t(No symbol) [0x0x7ff66e1f8243]\nE       \t(No symbol) [0x0x7ff66e1c1431]\nE       \t(No symbol) [0x0x7ff66e1c21c3]\nE       \tGetHandleVerifier [0x0x7ff66e69d29d+3051437]\nE       \tGetHandleVerifier [0x0x7ff66e6978f3+3028483]\nE       \tGetHandleVerifier [0x0x7ff66e6b588d+3151261]\nE       \tGetHandleVerifier [0x0x7ff66e3e182e+185662]\nE       \tGetHandleVerifier [0x0x7ff66e3e96ef+218111]\nE       \tGetHandleVerifier [0x0x7ff66e3cfae4+112628]\nE       \tGetHandleVerifier [0x0x7ff66e3cfc99+113065]\nE       \tGetHandleVerifier [0x0x7ff66e3b6c68+10616]\nE       \tBaseThreadInitThunk [0x0x7ff8dfabe8d7+23]\nE       \tRtlUserThreadStart [0x0x7ff8dfcbc34c+44]\n\n..\\..\\AppData\\Local\\Programs\\Python\\Python312\\Lib\\site-packages\\selenium\\webdriver\\support\\wait.py:105: TimeoutException","flaky":false,"newFailed":false,"newBroken":false,"newPassed":false,"retriesCount":0,"retriesStatusChange":false,"beforeStages":[{"name":"setup","time":{"start":1751127568381,"stop":1751127571992,"duration":3611},"status":"passed","steps":[],"attachments":[],"parameters":[],"hasContent":false,"shouldDisplayMessage":false,"attachmentsCount":0,"stepsCount":0,"attachmentStep":false}],"afterStages":[{"name":"setup::0","time":{"start":1751127583293,"stop":1751127585735,"duration":2442},"status":"passed","steps":[],"attachments":[],"parameters":[],"hasContent":false,"shouldDisplayMessage":false,"attachmentsCount":0,"stepsCount":0,"attachmentStep":false}],"labels":[{"name":"feature","value":"Order"},{"name":"story","value":"Finish purchase"},{"name":"severity","value":"Critical"},{"name":"tag","value":"order_complete"},{"name":"tag","value":"order_complete"},{"name":"parentSuite","value":"saucedemo_automation.tests"},{"name":"suite","value":"test_finish_order"},{"name":"host","value":"VishwaNarayanan"},{"name":"thread","value":"19200-MainThread"},{"name":"framework","value":"pytest"},{"name":"language","value":"cpython3"},{"name":"package","value":"saucedemo_automation.tests.test_finish_order"},{"name":"resultFormat","value":"allure2"}],"parameters":[],"links":[],"hidden":true,"retry":true,"extra":{"categories":[],"tags":["order_complete"]},"source":"bdbedd311e9c2369.json","parameterValues":[]}