{"uid":"f7217194ff5bb0ef","name":"test_verify_order_summary_totals","fullName":"saucedemo_automation.tests.test_order_summary#test_verify_order_summary_totals","historyId":"cf614b8e150f48b2472c7f808f7f75e3","time":{"start":1751127776159,"stop":1751127787074,"duration":10915},"description":"Verify total = item total + tax with accurate rounding","descriptionHtml":"<p>Verify total = item total + tax with accurate rounding</p>\n","status":"broken","statusMessage":"selenium.common.exceptions.TimeoutException: Message: \nStacktrace:\n\tGetHandleVerifier [0x0x7ff66e3c6f65+76917]\n\tGetHandleVerifier [0x0x7ff66e3c6fc0+77008]\n\t(No symbol) [0x0x7ff66e179dea]\n\t(No symbol) [0x0x7ff66e1d0256]\n\t(No symbol) [0x0x7ff66e1d050c]\n\t(No symbol) [0x0x7ff66e223887]\n\t(No symbol) [0x0x7ff66e1f84af]\n\t(No symbol) [0x0x7ff66e22065c]\n\t(No symbol) [0x0x7ff66e1f8243]\n\t(No symbol) [0x0x7ff66e1c1431]\n\t(No symbol) [0x0x7ff66e1c21c3]\n\tGetHandleVerifier [0x0x7ff66e69d29d+3051437]\n\tGetHandleVerifier [0x0x7ff66e6978f3+3028483]\n\tGetHandleVerifier [0x0x7ff66e6b588d+3151261]\n\tGetHandleVerifier [0x0x7ff66e3e182e+185662]\n\tGetHandleVerifier [0x0x7ff66e3e96ef+218111]\n\tGetHandleVerifier [0x0x7ff66e3cfae4+112628]\n\tGetHandleVerifier [0x0x7ff66e3cfc99+113065]\n\tGetHandleVerifier [0x0x7ff66e3b6c68+10616]\n\tBaseThreadInitThunk [0x0x7ff8dfabe8d7+23]\n\tRtlUserThreadStart [0x0x7ff8dfcbc34c+44]","statusTrace":"setup = <selenium.webdriver.chrome.webdriver.WebDriver (session=\"50aafa66e17aa7e27f8e8504bf1166ad\")>\n\n    @allure.description(\"Verify total = item total + tax with accurate rounding\")\n    @allure.severity(\"Critical\")\n    @allure.feature(\"Order_Summary\")\n    @allure.story(\"Totals calculation\")\n    @allure.tag(\"order_summary\")\n    @pytest.mark.order_summary\n    def test_verify_order_summary_totals(setup):\n        driver=setup\n    \n        #pageobjects\n        login_page =LoginPage(driver)\n        inventory_page = InventoryPage(driver)\n        cart_page = Cart_page(driver)\n        checkout_page=CheckoutPage(driver)\n        order_summary = OrderSummaryPage(driver)\n    \n        #Login\n        login_page.login(\"standard_user\",\"secret_sauce\")\n    \n        #inventory page\n        inventory_page.add_backpack_to_cart()\n        inventory_page.go_to_cart()\n    \n        #go to checkout\n>       cart_page.click_checkout()\n\nsaucedemo_automation\\tests\\test_order_summary.py:34: \n_ _ _ _ _ _ _ _ _ _ _ _ _ _ _ _ _ _ _ _ _ _ _ _ _ _ _ _ _ _ _ _ _ _ _ _ _ _ _ _ _ _ _ _ _ _ _ _ _ _ _ _ _ _ _ _ _ _ _ _ _ _ _ _ _ _ _ _ _ _ _ _ _ _ _ _ _ _ _ _ _ _ _ _ _ _ _ _ _ _\nsaucedemo_automation\\pages\\cart_page.py:25: in click_checkout\n    self.click(self.CHECKOUT_BTN)\nsaucedemo_automation\\pages\\base_page.py:12: in click\n    element = WebDriverWait(self.driver,self.timeout).until(\n_ _ _ _ _ _ _ _ _ _ _ _ _ _ _ _ _ _ _ _ _ _ _ _ _ _ _ _ _ _ _ _ _ _ _ _ _ _ _ _ _ _ _ _ _ _ _ _ _ _ _ _ _ _ _ _ _ _ _ _ _ _ _ _ _ _ _ _ _ _ _ _ _ _ _ _ _ _ _ _ _ _ _ _ _ _ _ _ _ _\n\nself = <selenium.webdriver.support.wait.WebDriverWait (session=\"50aafa66e17aa7e27f8e8504bf1166ad\")>\nmethod = <function element_to_be_clickable.<locals>._predicate at 0x0000017CDE2DAD40>, message = ''\n\n    def until(self, method: Callable[[D], Union[Literal[False], T]], message: str = \"\") -> T:\n        \"\"\"Calls the method provided with the driver as an argument until the \\\n        return value does not evaluate to ``False``.\n    \n        :param method: callable(WebDriver)\n        :param message: optional message for :exc:`TimeoutException`\n        :returns: the result of the last call to `method`\n        :raises: :exc:`selenium.common.exceptions.TimeoutException` if timeout occurs\n        \"\"\"\n        screen = None\n        stacktrace = None\n    \n        end_time = time.monotonic() + self._timeout\n        while True:\n            try:\n                value = method(self._driver)\n                if value:\n                    return value\n            except self._ignored_exceptions as exc:\n                screen = getattr(exc, \"screen\", None)\n                stacktrace = getattr(exc, \"stacktrace\", None)\n            time.sleep(self._poll)\n            if time.monotonic() > end_time:\n                break\n>       raise TimeoutException(message, screen, stacktrace)\nE       selenium.common.exceptions.TimeoutException: Message: \nE       Stacktrace:\nE       \tGetHandleVerifier [0x0x7ff66e3c6f65+76917]\nE       \tGetHandleVerifier [0x0x7ff66e3c6fc0+77008]\nE       \t(No symbol) [0x0x7ff66e179dea]\nE       \t(No symbol) [0x0x7ff66e1d0256]\nE       \t(No symbol) [0x0x7ff66e1d050c]\nE       \t(No symbol) [0x0x7ff66e223887]\nE       \t(No symbol) [0x0x7ff66e1f84af]\nE       \t(No symbol) [0x0x7ff66e22065c]\nE       \t(No symbol) [0x0x7ff66e1f8243]\nE       \t(No symbol) [0x0x7ff66e1c1431]\nE       \t(No symbol) [0x0x7ff66e1c21c3]\nE       \tGetHandleVerifier [0x0x7ff66e69d29d+3051437]\nE       \tGetHandleVerifier [0x0x7ff66e6978f3+3028483]\nE       \tGetHandleVerifier [0x0x7ff66e6b588d+3151261]\nE       \tGetHandleVerifier [0x0x7ff66e3e182e+185662]\nE       \tGetHandleVerifier [0x0x7ff66e3e96ef+218111]\nE       \tGetHandleVerifier [0x0x7ff66e3cfae4+112628]\nE       \tGetHandleVerifier [0x0x7ff66e3cfc99+113065]\nE       \tGetHandleVerifier [0x0x7ff66e3b6c68+10616]\nE       \tBaseThreadInitThunk [0x0x7ff8dfabe8d7+23]\nE       \tRtlUserThreadStart [0x0x7ff8dfcbc34c+44]\n\n..\\..\\AppData\\Local\\Programs\\Python\\Python312\\Lib\\site-packages\\selenium\\webdriver\\support\\wait.py:105: TimeoutException","flaky":false,"newFailed":false,"newBroken":false,"newPassed":false,"retriesCount":0,"retriesStatusChange":false,"beforeStages":[{"name":"setup","time":{"start":1751127772880,"stop":1751127776158,"duration":3278},"status":"passed","steps":[],"attachments":[],"parameters":[],"hasContent":false,"shouldDisplayMessage":false,"attachmentsCount":0,"stepsCount":0,"attachmentStep":false}],"afterStages":[{"name":"setup::0","time":{"start":1751127787309,"stop":1751127789760,"duration":2451},"status":"passed","steps":[],"attachments":[],"parameters":[],"hasContent":false,"shouldDisplayMessage":false,"attachmentsCount":0,"stepsCount":0,"attachmentStep":false}],"labels":[{"name":"severity","value":"Critical"},{"name":"feature","value":"Order_Summary"},{"name":"tag","value":"order_summary"},{"name":"story","value":"Totals calculation"},{"name":"tag","value":"order_summary"},{"name":"parentSuite","value":"saucedemo_automation.tests"},{"name":"suite","value":"test_order_summary"},{"name":"host","value":"VishwaNarayanan"},{"name":"thread","value":"19200-MainThread"},{"name":"framework","value":"pytest"},{"name":"language","value":"cpython3"},{"name":"package","value":"saucedemo_automation.tests.test_order_summary"},{"name":"resultFormat","value":"allure2"}],"parameters":[],"links":[],"hidden":true,"retry":true,"extra":{"categories":[],"tags":["order_summary"]},"source":"f7217194ff5bb0ef.json","parameterValues":[]}